# JRE version: Java(TM) SE Runtime Environment (8.0_20-b26) (build 1.8.0_20-b26)
# Java VM: Java HotSpot(TM) 64-Bit Server VM (25.20-b23 mixed mode windows-amd64 compressed oops)
Heap:
 PSYoungGen      total 20480K, used 6813K [0x00000000eab00000, 0x00000000ec480000, 0x0000000100000000)
  eden space 14848K, 20% used [0x00000000eab00000,0x00000000eaded898,0x00000000eb980000)
  from space 5632K, 67% used [0x00000000ebf00000,0x00000000ec2b9e70,0x00000000ec480000)
  to   space 2048K, 0% used [0x00000000eb980000,0x00000000eb980000,0x00000000ebb80000)
 ParOldGen       total 38400K, used 9201K [0x00000000c0000000, 0x00000000c2580000, 0x00000000eab00000)
  object space 38400K, 23% used [0x00000000c0000000,0x00000000c08fc5f0,0x00000000c2580000)
 Metaspace       used 17591K, capacity 18036K, committed 18176K, reserved 1064960K
  class space    used 2393K, capacity 2538K, committed 2560K, reserved 1048576K
GC Heap History (10 events):
Event: 4.046 GC heap before
{Heap before GC invocations=2 (full 0):
 PSYoungGen      total 16896K, used 16864K [0x00000000eab00000, 0x00000000ebd80000, 0x0000000100000000)
  eden space 14848K, 100% used [0x00000000eab00000,0x00000000eb980000,0x00000000eb980000)
  from space 2048K, 98% used [0x00000000eb980000,0x00000000ebb78020,0x00000000ebb80000)
  to   space 2048K, 0% used [0x00000000ebb80000,0x00000000ebb80000,0x00000000ebd80000)
 ParOldGen       total 38400K, used 1012K [0x00000000c0000000, 0x00000000c2580000, 0x00000000eab00000)
  object space 38400K, 2% used [0x00000000c0000000,0x00000000c00fd120,0x00000000c2580000)
 Metaspace       used 6968K, capacity 7164K, committed 7424K, reserved 1056768K
  class space    used 905K, capacity 999K, committed 1024K, reserved 1048576K
Event: 4.062 GC heap after
Heap after GC invocations=2 (full 0):
 PSYoungGen      total 16896K, used 2032K [0x00000000eab00000, 0x00000000ebd80000, 0x0000000100000000)
  eden space 14848K, 0% used [0x00000000eab00000,0x00000000eab00000,0x00000000eb980000)
  from space 2048K, 99% used [0x00000000ebb80000,0x00000000ebd7c010,0x00000000ebd80000)
  to   space 2048K, 0% used [0x00000000eb980000,0x00000000eb980000,0x00000000ebb80000)
 ParOldGen       total 38400K, used 1781K [0x00000000c0000000, 0x00000000c2580000, 0x00000000eab00000)
  object space 38400K, 4% used [0x00000000c0000000,0x00000000c01bd518,0x00000000c2580000)
 Metaspace       used 6968K, capacity 7164K, committed 7424K, reserved 1056768K
  class space    used 905K, capacity 999K, committed 1024K, reserved 1048576K
}
Event: 9.455 GC heap before
{Heap before GC invocations=3 (full 0):
 PSYoungGen      total 16896K, used 16880K [0x00000000eab00000, 0x00000000ebd80000, 0x0000000100000000)
  eden space 14848K, 100% used [0x00000000eab00000,0x00000000eb980000,0x00000000eb980000)
  from space 2048K, 99% used [0x00000000ebb80000,0x00000000ebd7c010,0x00000000ebd80000)
  to   space 2048K, 0% used [0x00000000eb980000,0x00000000eb980000,0x00000000ebb80000)
 ParOldGen       total 38400K, used 1781K [0x00000000c0000000, 0x00000000c2580000, 0x00000000eab00000)
  object space 38400K, 4% used [0x00000000c0000000,0x00000000c01bd518,0x00000000c2580000)
 Metaspace       used 10678K, capacity 10974K, committed 11264K, reserved 1058816K
  class space    used 1407K, capacity 1494K, committed 1536K, reserved 1048576K
Event: 9.486 GC heap after
Heap after GC invocations=3 (full 0):
 PSYoungGen      total 16896K, used 2032K [0x00000000eab00000, 0x00000000ebd80000, 0x0000000100000000)
  eden space 14848K, 0% used [0x00000000eab00000,0x00000000eab00000,0x00000000eb980000)
  from space 2048K, 99% used [0x00000000eb980000,0x00000000ebb7c010,0x00000000ebb80000)
  to   space 2048K, 0% used [0x00000000ebb80000,0x00000000ebb80000,0x00000000ebd80000)
 ParOldGen       total 38400K, used 4154K [0x00000000c0000000, 0x00000000c2580000, 0x00000000eab00000)
  object space 38400K, 10% used [0x00000000c0000000,0x00000000c040ead8,0x00000000c2580000)
 Metaspace       used 10678K, capacity 10974K, committed 11264K, reserved 1058816K
  class space    used 1407K, capacity 1494K, committed 1536K, reserved 1048576K
}
Event: 10.646 GC heap before
{Heap before GC invocations=4 (full 0):
 PSYoungGen      total 16896K, used 16880K [0x00000000eab00000, 0x00000000ebd80000, 0x0000000100000000)
  eden space 14848K, 100% used [0x00000000eab00000,0x00000000eb980000,0x00000000eb980000)
  from space 2048K, 99% used [0x00000000eb980000,0x00000000ebb7c010,0x00000000ebb80000)
  to   space 2048K, 0% used [0x00000000ebb80000,0x00000000ebb80000,0x00000000ebd80000)
 ParOldGen       total 38400K, used 4154K [0x00000000c0000000, 0x00000000c2580000, 0x00000000eab00000)
  object space 38400K, 10% used [0x00000000c0000000,0x00000000c040ead8,0x00000000c2580000)
 Metaspace       used 12003K, capacity 12396K, committed 12544K, reserved 1060864K
  class space    used 1626K, capacity 1754K, committed 1792K, reserved 1048576K
Event: 10.659 GC heap after
Heap after GC invocations=4 (full 0):
 PSYoungGen      total 16896K, used 2048K [0x00000000eab00000, 0x00000000ebd80000, 0x0000000100000000)
  eden space 14848K, 0% used [0x00000000eab00000,0x00000000eab00000,0x00000000eb980000)
  from space 2048K, 100% used [0x00000000ebb80000,0x00000000ebd80000,0x00000000ebd80000)
  to   space 2048K, 0% used [0x00000000eb980000,0x00000000eb980000,0x00000000ebb80000)
 ParOldGen       total 38400K, used 5837K [0x00000000c0000000, 0x00000000c2580000, 0x00000000eab00000)
  object space 38400K, 15% used [0x00000000c0000000,0x00000000c05b3698,0x00000000c2580000)
 Metaspace       used 12003K, capacity 12396K, committed 12544K, reserved 1060864K
  class space    used 1626K, capacity 1754K, committed 1792K, reserved 1048576K
}
Event: 12.241 GC heap before
{Heap before GC invocations=5 (full 0):
 PSYoungGen      total 16896K, used 16896K [0x00000000eab00000, 0x00000000ebd80000, 0x0000000100000000)
  eden space 14848K, 100% used [0x00000000eab00000,0x00000000eb980000,0x00000000eb980000)
  from space 2048K, 100% used [0x00000000ebb80000,0x00000000ebd80000,0x00000000ebd80000)
  to   space 2048K, 0% used [0x00000000eb980000,0x00000000eb980000,0x00000000ebb80000)
 ParOldGen       total 38400K, used 5837K [0x00000000c0000000, 0x00000000c2580000, 0x00000000eab00000)
  object space 38400K, 15% used [0x00000000c0000000,0x00000000c05b3698,0x00000000c2580000)
 Metaspace       used 15843K, capacity 16204K, committed 16384K, reserved 1062912K
  class space    used 2111K, capacity 2234K, committed 2304K, reserved 1048576K
Event: 12.266 GC heap after
Heap after GC invocations=5 (full 0):
 PSYoungGen      total 16896K, used 2016K [0x00000000eab00000, 0x00000000ec480000, 0x0000000100000000)
  eden space 14848K, 0% used [0x00000000eab00000,0x00000000eab00000,0x00000000eb980000)
  from space 2048K, 98% used [0x00000000eb980000,0x00000000ebb78020,0x00000000ebb80000)
  to   space 5632K, 0% used [0x00000000ebf00000,0x00000000ebf00000,0x00000000ec480000)
 ParOldGen       total 38400K, used 9193K [0x00000000c0000000, 0x00000000c2580000, 0x00000000eab00000)
  object space 38400K, 23% used [0x00000000c0000000,0x00000000c08fa5f0,0x00000000c2580000)
 Metaspace       used 15843K, capacity 16204K, committed 16384K, reserved 1062912K
  class space    used 2111K, capacity 2234K, committed 2304K, reserved 1048576K
}
Event: 13.810 GC heap before
{Heap before GC invocations=6 (full 0):
 PSYoungGen      total 16896K, used 16864K [0x00000000eab00000, 0x00000000ec480000, 0x0000000100000000)
  eden space 14848K, 100% used [0x00000000eab00000,0x00000000eb980000,0x00000000eb980000)
  from space 2048K, 98% used [0x00000000eb980000,0x00000000ebb78020,0x00000000ebb80000)
  to   space 5632K, 0% used [0x00000000ebf00000,0x00000000ebf00000,0x00000000ec480000)
 ParOldGen       total 38400K, used 9193K [0x00000000c0000000, 0x00000000c2580000, 0x00000000eab00000)
  object space 38400K, 23% used [0x00000000c0000000,0x00000000c08fa5f0,0x00000000c2580000)
 Metaspace       used 17353K, capacity 17776K, committed 17920K, reserved 1064960K
  class space    used 2344K, capacity 2500K, committed 2560K, reserved 1048576K
Event: 13.861 GC heap after
Heap after GC invocations=6 (full 0):
 PSYoungGen      total 20480K, used 3815K [0x00000000eab00000, 0x00000000ec480000, 0x0000000100000000)
  eden space 14848K, 0% used [0x00000000eab00000,0x00000000eab00000,0x00000000eb980000)
  from space 5632K, 67% used [0x00000000ebf00000,0x00000000ec2b9e70,0x00000000ec480000)
  to   space 2048K, 0% used [0x00000000eb980000,0x00000000eb980000,0x00000000ebb80000)
 ParOldGen       total 38400K, used 9201K [0x00000000c0000000, 0x00000000c2580000, 0x00000000eab00000)
  object space 38400K, 23% used [0x00000000c0000000,0x00000000c08fc5f0,0x00000000c2580000)
 Metaspace       used 17353K, capacity 17776K, committed 17920K, reserved 1064960K
  class space    used 2344K, capacity 2500K, committed 2560K, reserved 1048576K
}

